Rename: XPS International sells Spectral Data Processors, Data-Bas++.url <<< XPS International sells Spectral Data Processors, Data-Bases, VAMAS Viewers and Handbooks..url
Rename: International Centre for Diffraction Data - powder diffrac++.url <<< International Centre for Diffraction Data - powder diffraction data - a non-profit scientific organization.url
Rename: XRD, X?, X???, X??????, X??????(X-ray Diffractometer), X??++.url <<< XRD, X?, X???, X??????, X??????(X-ray Diffractometer), X????? ???????, ????, ????, X??????, ICDD, JCPDS, PDF1, PDF2.url
Rename: Purdue Computational Electronics (3?30? ? ?????, Mark Lund++.url <<< Purdue Computational Electronics (3?30? ? ?????, Mark Lundstrom).url
Rename: Rensselaer Polytechnic Institute - Engineering, Informatio++.url <<< Rensselaer Polytechnic Institute - Engineering, Information Technology, Management, Science, Architecture, Biotechnology, Resea.url
Rename: hp, Hewlett-Packard leader in computing and imaging soluti++.url <<< hp, Hewlett-Packard leader in computing and imaging solutions and services.url
Rename: GNU's Not Unix! - the GNU Project and the Free Software Fo++.url <<< GNU's Not Unix! - the GNU Project and the Free Software Foundation (FSF).url
Rename: Products and Solutions Worldwide Education & Research High++.url <<< Products and Solutions Worldwide Education & Research Higher Education Programs.url
Rename: Programmers' Heaven - For free C++, Visual Basic, ASP, sou++.url <<< Programmers' Heaven - For free C++, Visual Basic, ASP, sourcecode, programming, javascript, code, delphi, pascal and more.url
Rename: Adaptec manufactures high-performance SCSI, connectivity, ++.url <<< Adaptec manufactures high-performance SCSI, connectivity, and network products.url
Rename: Jumbo Free & Shareware MP3 files, Games, Screen Savers & C++.url <<< Jumbo Free & Shareware MP3 files, Games, Screen Savers & Computer Software.url
Rename: Simtel.Net - A worldwide distribution network for Sharewar++.url <<< Simtel.Net - A worldwide distribution network for Shareware, Freeware, and Public Domain software - Windows 95-98, Windows 3.x.url
Rename: pspice.com - mixed signal, analog simulation and circuit d++.url <<< pspice.com - mixed signal, analog simulation and circuit design resources and community.url
Rename: Text Editor - HEX Editor - HTML Editor - Programmers Edito++.url <<< Text Editor - HEX Editor - HTML Editor - Programmers Editor - UltraEdit.url
Rename: Sander's Screen Savers Previewer - Free screen savers down++.url <<< Sander's Screen Savers Previewer - Free screen savers download with screenshots.url
Rename: ?????? ??? (ScreensaverKorea.Com) - ??? ?????(??????)? ???++.url <<< ?????? ??? (ScreensaverKorea.Com) - ??? ?????(??????)? ?????..url
Rename: CiteSeer The NEC Research Institute Scientific Literature ++.url <<< CiteSeer The NEC Research Institute Scientific Literature Digital Library.url
Rename: JEDEC Official Home Page, Free Electronic Standards, Free ++.url <<< JEDEC Official Home Page, Free Electronic Standards, Free Semiconductor Standards JEDEC Semiconductor Standards.url
Rename: The IEE - communicating with the global engineering commun++.url <<< The IEE - communicating with the global engineering community.url
Rename: Merriam-Webster OnLine - Dictionary - Thesaurus - Word of ++.url <<< Merriam-Webster OnLine - Dictionary - Thesaurus - Word of the Day - Word Games - Word for the Wise.url
Rename: Pearson Education, the world's leading educational publish++.url <<< Pearson Education, the world's leading educational publishing business - Europe Middle East and Africa Home Page.url
Rename: ???? ??-???-Post-Doc.-?????? ?? ??- All Information for Fa++.url <<< ???? ??-???-Post-Doc.-?????? ?? ??- All Information for Faculty-Researcher-Post-Doc. Positions in Korea.url
Rename: Resumes from resume writing professionals sample resumes a++.url <<< Resumes from resume writing professionals sample resumes and resume service.url
Rename: GuitarSite.com - Home of Guitar News Weekly & the 2000 Gui++.url <<< GuitarSite.com - Home of Guitar News Weekly & the 2000 Guitars Database.url
Rename: Electronic News Online- News and Analysis for the Strategi++.url <<< Electronic News Online- News and Analysis for the Strategic Decision Maker.url
Rename: SiliconStrategies.com - Your resource for tracking the sem++.url <<< SiliconStrategies.com - Your resource for tracking the semiconductor foodchain.url
Rename: ????, www.LeisureWorld.co.kr - Źî? ??? ?? ??. (www.leisure++.url <<< ????, www.LeisureWorld.co.kr - Źî? ??? ?? ??. (www.leisureworld.co.kr).url
Rename: UT Library Online - Perry-Castaneda Map Collection - Count++.url <<< UT Library Online - Perry-Castaneda Map Collection - Country and Regional Map Sites.url
