xx yy kga030.w10	xx yy kga030.w11	xx yy kga030.w12	xx yy kga030.w13	xx yy kga030.w14	xx yy kga030.w15	xx yy kga030.w16	xx yy kga030.w17	xx yy kga030.w18	xx yy kga030.w19
30 30 +1.100e-18	30 30 +1.100e-18	30 30 +1.100e-18	30 30 +1.100e-18	30 30 +1.100e-18	30 30 +1.100e-18	30 30 +1.100e-18	30 30 +1.100e-18	30 30 +1.100e-18	30 30 +1.100e-18
30 31 +1.100e-18	33 31 +1.100e-18	30 31 +1.100e-18	29 31 +1.390e-03	30 31 +2.228e-04	29 31 +1.100e-18	31 31 +1.100e-18	28 31 +7.942e-03	30 31 +1.100e-18	30 31 +1.100e-18
31 31 +1.100e-18	35 32 +2.220e-04	32 31 +1.100e-18	30 31 +1.100e-18	31 31 +1.100e-18	30 31 +1.100e-18	32 31 +1.100e-18	31 31 +1.100e-18	31 31 +1.100e-18	33 31 +1.100e-18
35 32 +1.100e-18	33 32 +1.100e-18	35 32 +3.506e-04	31 31 +1.100e-18	34 31 +1.100e-18	31 31 +1.100e-18	33 31 +1.100e-18	33 31 +1.100e-18	32 31 +1.100e-18	35 32 +1.528e-04
34 32 +1.100e-18	32 32 +1.100e-18	33 32 +1.100e-18	32 31 +1.100e-18	35 32 +2.142e-04	33 31 +1.100e-18	35 32 +1.100e-18	34 31 +1.100e-18	33 32 +1.100e-18	34 32 +1.100e-18
33 32 +1.100e-18	31 32 +1.100e-18	32 32 +1.100e-18	35 32 +2.404e-04	34 32 +1.100e-18	35 32 +1.100e-18	32 32 +1.100e-18	35 32 +1.706e-04	32 32 +1.100e-18	33 32 +1.100e-18
32 32 +1.100e-18	30 32 +1.100e-18	31 32 +1.100e-18	33 32 +1.100e-18	33 32 +1.100e-18	34 32 +1.100e-18	31 32 +1.100e-18	34 32 +1.100e-18	31 32 +1.100e-18	32 32 +1.100e-18
31 32 +1.100e-18	29 32 +1.610e-04	30 32 +1.100e-18	31 32 +1.100e-18	32 32 +1.100e-18	32 32 +1.100e-18	30 32 +1.100e-18	33 32 +1.100e-18	30 32 +1.100e-18	31 32 +1.100e-18
29 32 +1.766e-03	28 32 +7.840e-04	29 32 +1.100e-18	30 32 +1.100e-18	31 32 +1.100e-18	31 32 +1.100e-18	29 32 +1.100e-18	32 32 +1.100e-18	29 32 +1.100e-18	30 32 +1.100e-18
25 33 +1.100e-18	27 32 +1.666e-02	28 32 +9.420e-04	29 32 +2.326e-04	29 32 +2.152e-04	29 33 +1.100e-18	28 32 +1.100e-18	31 32 +1.100e-18	26 33 +2.094e-02	29 32 +1.582e-04
26 33 +1.324e-03	26 33 +1.574e-02	25 33 +1.100e-18	28 32 +1.100e-18	28 32 +1.238e-03	30 33 +1.100e-18	27 32 +1.100e-18	30 32 +1.100e-18	27 33 +1.248e-03	28 32 +1.610e-02
33 33 +1.100e-18	27 33 +1.100e-18	27 33 +1.164e-03	25 33 +1.100e-18	27 32 +1.860e-02	31 33 +1.480e-03	30 33 +1.100e-18	29 32 +2.360e-04	28 33 +1.414e-04	27 32 +1.100e-18
34 33 +1.100e-18	28 33 +1.100e-18	28 33 +1.522e-04	26 33 +1.100e-18	25 33 +1.100e-18	32 33 +1.100e-18	31 33 +1.100e-18	28 32 +1.316e-03	29 33 +1.100e-18	26 33 +1.100e-18
36 33 +1.100e-18	31 33 +1.100e-18	30 33 +1.100e-18	27 33 +1.724e-03	26 33 +1.100e-18	33 33 +1.100e-18	33 33 +1.100e-18	26 32 +1.100e-18	30 33 +1.100e-18	27 33 +1.640e-03
36 34 +1.100e-18	32 33 +1.100e-18	31 33 +1.100e-18	29 33 +1.100e-18	29 33 +1.100e-18	34 33 +1.100e-18	35 33 +1.100e-18	26 33 +1.100e-18	32 33 +1.100e-18	28 33 +3.488e-04
33 34 +1.100e-18	33 33 +1.100e-18	32 33 +1.100e-18	30 33 +1.100e-18	31 33 +1.100e-18	35 33 +1.100e-18	37 34 +2.436e-04	28 33 +1.100e-18	33 33 +1.100e-18	29 33 +1.100e-18
32 34 +1.100e-18	34 33 +1.100e-18	33 33 +1.100e-18	31 33 +1.100e-18	32 33 +1.100e-18	36 33 +4.064e-04	36 34 +1.100e-18	29 33 +1.100e-18	34 33 +1.100e-18	30 33 +1.100e-18
31 34 +1.100e-18	36 34 +1.100e-18	34 33 +1.100e-18	32 33 +1.100e-18	34 33 +1.100e-18	37 34 +1.100e-18	35 34 +1.100e-18	30 33 +1.100e-18	36 33 +2.074e-04	31 33 +1.100e-18
30 34 +1.100e-18	35 34 +1.100e-18	35 33 +1.100e-18	33 33 +1.100e-18	35 33 +1.100e-18	36 34 +1.100e-18	34 34 +1.100e-18	32 33 +1.100e-18	37 34 +1.100e-18	33 33 +3.344e-04
29 34 +1.100e-18	34 34 +1.100e-18	36 33 +3.512e-04	34 33 +1.100e-18	36 33 +2.328e-04	35 34 +1.100e-18	32 34 +1.100e-18	33 33 +1.100e-18	35 34 +1.100e-18	34 33 +1.100e-18
26 34 +1.862e-04	33 34 +1.100e-18	37 34 +1.090e-03	35 33 +1.100e-18	37 34 +6.440e-04	34 34 +1.100e-18	31 34 +1.100e-18	34 33 +1.100e-18	34 34 +1.100e-18	35 33 +1.100e-18
29 35 +1.100e-18	31 34 +1.100e-18	36 34 +1.100e-18	36 33 +2.396e-04	36 34 +1.100e-18	33 34 +1.100e-18	30 34 +1.100e-18	35 33 +1.100e-18	33 34 +1.100e-18	36 33 +1.100e-18
30 35 +1.100e-18	29 34 +1.100e-18	35 34 +1.100e-18	37 34 +6.940e-04	35 34 +1.100e-18	32 34 +1.100e-18	29 34 +1.100e-18	36 33 +2.302e-04	32 34 +1.100e-18	36 34 +1.100e-18
31 35 +1.100e-18	28 34 +1.100e-18	33 34 +1.100e-18	36 34 +1.100e-18	34 34 +1.100e-18	31 34 +1.100e-18	28 34 +1.100e-18	37 34 +5.240e-04	30 34 +1.100e-18	34 34 +1.100e-18
32 35 +5.240e-04	27 34 +1.100e-18	31 34 +1.100e-18	35 34 +1.100e-18	33 34 +1.100e-18	30 34 +1.100e-18	25 35 +1.914e-04	36 34 +1.100e-18	29 34 +1.100e-18	33 34 +1.100e-18
33 35 +1.100e-18	26 34 +1.420e-03	30 34 +1.100e-18	34 34 +1.100e-18	32 34 +1.100e-18	29 34 +1.100e-18	26 35 +1.100e-18	35 34 +1.100e-18	28 34 +1.100e-18	32 34 +1.100e-18
34 35 +1.100e-18	25 34 +1.100e-18	28 34 +1.100e-18	33 34 +1.100e-18	31 34 +1.100e-18	28 34 +1.100e-18	27 35 +1.100e-18	34 34 +1.100e-18	27 34 +1.540e-04	31 34 +1.100e-18
35 35 +1.100e-18	27 35 +1.100e-18	26 34 +1.100e-18	32 34 +1.100e-18	29 34 +1.100e-18	26 35 +1.100e-18	28 35 +1.100e-18	33 34 +1.100e-18	25 34 +1.100e-18	30 34 +1.100e-18
36 35 +1.100e-18	29 35 +1.100e-18	29 35 +1.100e-18	31 34 +1.100e-18	28 34 +1.100e-18	27 35 +1.100e-18	29 35 +1.100e-18	32 34 +1.100e-18	25 35 +2.844e-03	29 34 +1.100e-18
37 35 +1.100e-18	30 35 +1.100e-18	30 35 +1.100e-18	30 34 +1.100e-18	27 34 +1.608e-04	28 35 +1.100e-18	30 35 +1.100e-18	31 34 +1.100e-18	26 35 +2.404e-04	27 34 +1.758e-04
37 36 +1.100e-18	31 35 +1.100e-18	31 35 +1.100e-18	29 34 +1.100e-18	26 34 +2.026e-03	29 35 +1.100e-18	31 35 +1.982e-04	30 34 +1.100e-18	27 35 +1.100e-18	26 34 +2.078e-03
36 36 +1.100e-18	32 35 +1.100e-18	32 35 +1.100e-18	28 34 +1.100e-18	25 34 +1.100e-18	30 35 +1.100e-18	32 35 +1.100e-18	27 34 +1.100e-18	28 35 +1.100e-18	25 34 +1.100e-18
34 36 +1.100e-18	33 35 +1.100e-18	33 35 +1.100e-18	27 34 +1.392e-04	24 35 +1.100e-18	31 35 +1.100e-18	35 35 +1.100e-18	26 34 +2.072e-03	29 35 +1.100e-18	25 35 +1.100e-18
33 36 +1.100e-18	35 35 +1.100e-18	34 35 +1.100e-18	27 35 +1.100e-18	25 35 +5.432e-03	32 35 +1.100e-18	37 35 +1.100e-18	25 34 +1.100e-18	30 35 +1.100e-18	26 35 +1.100e-18
30 36 +1.100e-18	36 35 +1.100e-18	35 35 +1.100e-18	28 35 +1.100e-18	26 35 +2.678e-04	33 35 +3.674e-03	37 36 +6.088e-03	25 35 +3.194e-03	32 35 +1.100e-18	27 35 +1.100e-18
29 36 +1.100e-18	36 36 +6.100e-04	36 35 +1.100e-18	30 35 +1.100e-18	27 35 +1.100e-18	35 35 +1.100e-18	35 36 +1.100e-18	28 35 +1.100e-18	34 35 +1.100e-18	28 35 +1.100e-18
27 36 +1.100e-18	35 36 +1.100e-18	37 35 +3.366e-04	31 35 +1.100e-18	28 35 +1.100e-18	37 35 +1.100e-18	34 36 +1.100e-18	29 35 +1.100e-18	35 35 +1.100e-18	30 35 +1.100e-18
26 36 +1.100e-18	34 36 +1.100e-18	37 36 +1.688e-04	32 35 +1.100e-18	29 35 +1.100e-18	37 36 +1.100e-18	33 36 +1.100e-18	30 35 +1.100e-18	37 35 +1.100e-18	33 35 +3.702e-03
25 36 +1.100e-18	30 36 +1.100e-18	36 36 +1.100e-18	33 35 +1.100e-18	30 35 +1.100e-18	36 36 +1.100e-18	30 36 +1.100e-18	31 35 +1.100e-18	34 36 +3.664e-03	34 35 +2.074e-04
24 37 +1.100e-18	29 36 +1.100e-18	35 36 +1.100e-18	34 35 +1.100e-18	31 35 +1.100e-18	35 36 +1.100e-18	28 36 +1.100e-18	32 35 +1.100e-18	33 36 +6.690e-03	35 35 +1.100e-18
25 37 +1.100e-18	27 36 +1.100e-18	34 36 +1.100e-18	35 35 +1.100e-18	32 35 +1.100e-18	33 36 +3.820e-03	27 36 +1.100e-18	33 35 +1.100e-18	32 36 +1.100e-18	37 36 +1.100e-18
26 37 +1.100e-18	26 36 +1.100e-18	33 36 +1.100e-18	37 35 +2.308e-04	33 35 +1.100e-18	32 36 +1.782e-04	26 36 +1.100e-18	34 35 +1.100e-18	31 36 +1.100e-18	36 36 +1.100e-18
29 37 +1.100e-18	25 36 +8.900e-04	32 36 +1.100e-18	38 36 +1.100e-18	34 35 +1.100e-18	31 36 +1.100e-18	25 36 +1.100e-18	35 35 +1.100e-18	28 36 +1.100e-18	35 36 +1.100e-18
30 37 +1.100e-18	24 36 +9.700e-04	31 36 +1.100e-18	37 36 +1.100e-18	35 35 +1.100e-18	30 36 +1.100e-18	25 37 +3.002e-04	36 35 +1.100e-18	27 36 +1.100e-18	34 36 +1.100e-18
32 37 +1.100e-18	24 37 +1.100e-18	30 36 +1.100e-18	36 36 +1.100e-18	37 35 +2.138e-04	29 36 +1.100e-18	26 37 +1.100e-18	37 35 +1.100e-18	26 36 +1.100e-18	33 36 +1.100e-18
33 37 +3.554e-03	25 37 +2.460e-04	29 36 +1.100e-18	35 36 +1.100e-18	38 36 +1.078e-03	28 36 +1.100e-18	29 37 +1.100e-18	37 36 +1.100e-18	25 36 +3.280e-04	32 36 +1.100e-18
34 37 +1.100e-18	26 37 +1.100e-18	28 36 +1.100e-18	34 36 +1.100e-18	37 36 +1.100e-18	27 36 +1.100e-18	30 37 +1.100e-18	36 36 +1.100e-18	26 37 +1.100e-18	30 36 +1.100e-18
35 37 +1.100e-18	27 37 +1.100e-18	27 36 +1.100e-18	33 36 +1.100e-18	36 36 +1.100e-18	26 36 +1.100e-18	35 37 +1.100e-18	34 36 +1.100e-18	27 37 +1.100e-18	29 36 +1.100e-18
37 37 +1.100e-18	28 37 +2.080e-04	25 37 +1.100e-18	32 36 +3.464e-04	35 36 +1.100e-18	26 37 +1.100e-18	36 37 +1.100e-18	33 36 +1.100e-18	31 37 +1.100e-18	28 36 +1.100e-18
38 38 +2.306e-04	29 37 +1.100e-18	26 37 +1.100e-18	30 36 +1.100e-18	34 36 +6.704e-03	28 37 +1.100e-18	37 38 +1.100e-18	32 36 +1.100e-18	34 37 +1.100e-18	27 36 +1.100e-18
36 38 +1.100e-18	30 37 +1.100e-18	27 37 +1.100e-18	29 36 +1.100e-18	33 36 +1.100e-18	29 37 +1.100e-18	36 38 +1.100e-18	31 36 +1.100e-18	35 37 +1.100e-18	26 36 +1.100e-18
34 38 +1.100e-18	31 37 +1.100e-18	29 37 +1.100e-18	28 36 +1.100e-18	32 36 +1.100e-18	31 37 +4.740e-04	35 38 +1.100e-18	30 36 +1.100e-18	36 37 +1.100e-18	25 36 +3.258e-04
32 38 +1.100e-18	32 37 +1.100e-18	30 37 +1.100e-18	27 36 +1.100e-18	31 36 +1.100e-18	32 37 +1.740e-04	33 38 +1.100e-18	29 36 +1.100e-18	37 37 +1.100e-18	26 37 +1.100e-18
30 38 +1.100e-18	33 37 +1.100e-18	31 37 +1.100e-18	25 36 +1.100e-18	30 36 +1.100e-18	35 37 +1.100e-18	32 38 +1.100e-18	28 36 +1.100e-18	34 38 +1.100e-18	27 37 +1.100e-18
29 38 +1.100e-18	34 37 +1.100e-18	32 37 +1.100e-18	26 37 +1.100e-18	29 36 +1.100e-18	36 37 +1.100e-18	29 38 +1.100e-18	27 36 +1.100e-18	33 38 +1.100e-18	28 37 +1.100e-18
28 38 +1.100e-18	37 37 +1.100e-18	33 37 +1.100e-18	27 37 +1.746e-04	28 36 +1.100e-18	37 37 +1.512e-04	28 38 +1.100e-18	26 36 +1.100e-18	32 38 +1.100e-18	29 37 +3.626e-03
27 38 +1.100e-18	33 38 +1.100e-18	34 37 +1.100e-18	28 37 +1.100e-18	27 36 +1.100e-18	38 37 +1.402e-03	26 38 +1.100e-18	25 36 +1.100e-18	31 38 +1.100e-18	30 37 +1.100e-18
26 38 +1.100e-18	30 38 +1.100e-18	35 37 +1.100e-18	29 37 +1.100e-18	25 36 +4.080e-04	37 38 +1.100e-18	26 39 +1.100e-18	24 36 +7.180e-04	30 38 +1.774e-04	31 37 +1.100e-18
25 38 +3.198e-04	29 38 +1.100e-18	36 37 +1.100e-18	31 37 +1.100e-18	25 37 +1.100e-18	36 38 +1.100e-18	29 39 +1.100e-18	25 37 +1.100e-18	25 39 +1.100e-18	32 37 +1.100e-18
24 38 +1.100e-18	28 38 +1.100e-18	37 37 +1.100e-18	32 37 +1.100e-18	26 37 +1.100e-18	35 38 +1.100e-18	30 39 +1.100e-18	26 37 +1.100e-18	27 39 +1.100e-18	33 37 +1.100e-18
24 39 +1.100e-18	27 38 +1.100e-18	37 38 +1.100e-18	33 37 +1.100e-18	27 37 +1.100e-18	33 38 +1.100e-18	31 39 +1.100e-18	27 37 +1.618e-03	28 39 +1.100e-18	34 37 +1.100e-18
26 39 +1.100e-18	26 38 +1.100e-18	36 38 +1.100e-18	34 37 +1.100e-18	29 37 +1.100e-18	32 38 +1.100e-18	33 39 +1.100e-18	28 37 +1.100e-18	30 39 +1.100e-18	35 37 +1.100e-18
27 39 +1.100e-18	25 38 +1.100e-18	35 38 +1.100e-18	36 37 +1.100e-18	31 37 +1.100e-18	29 38 +1.100e-18	34 39 +1.100e-18	29 37 +1.100e-18	31 39 +1.100e-18	36 37 +1.100e-18
29 39 +1.100e-18	24 39 +1.100e-18	34 38 +1.100e-18	37 37 +1.100e-18	32 37 +1.100e-18	28 38 +1.100e-18	35 39 +1.100e-18	30 37 +1.100e-18	32 39 +1.100e-18	37 37 +1.100e-18
30 39 +1.100e-18	26 39 +1.100e-18	33 38 +1.100e-18	38 37 +1.100e-18	33 37 +1.100e-18	26 38 +1.100e-18	36 39 +1.100e-18	31 37 +1.100e-18	33 39 +2.994e-04	38 37 +1.100e-18
34 39 +6.500e-04	27 39 +1.100e-18	32 38 +1.100e-18	38 38 +8.440e-04	34 37 +1.100e-18	25 38 +1.552e-04	37 39 +1.100e-18	32 37 +1.100e-18	34 39 +1.100e-18	38 38 +6.540e-04
36 39 +1.100e-18	29 39 +1.100e-18	31 38 +1.100e-18	37 38 +1.290e-03	35 37 +1.100e-18	26 39 +1.100e-18	36 40 +1.100e-18	34 37 +1.100e-18	35 39 +1.100e-18	37 38 +1.100e-18
37 39 +1.100e-18	30 39 +1.100e-18	30 38 +1.100e-18	36 38 +1.100e-18	36 37 +1.100e-18	27 39 +1.100e-18	33 40 +1.100e-18	37 37 +1.100e-18	36 39 +5.138e-03	36 38 +1.502e-03
33 40 +1.100e-18	32 39 +1.100e-18	29 38 +1.100e-18	35 38 +1.100e-18	37 37 +1.100e-18	28 39 +1.100e-18	32 40 +1.100e-18	34 38 +1.100e-18	37 39 +1.100e-18	35 38 +1.100e-18
32 40 +1.100e-18	33 39 +1.100e-18	28 38 +1.100e-18	34 38 +1.100e-18	37 38 +1.100e-18	29 39 +1.100e-18	30 40 +1.100e-18	33 38 +1.100e-18	37 40 +1.100e-18	33 38 +1.100e-18
31 40 +1.100e-18	34 39 +1.100e-18	27 38 +1.100e-18	33 38 +1.100e-18	35 38 +1.100e-18	30 39 +1.100e-18	29 40 +1.100e-18	32 38 +1.100e-18	36 40 +1.100e-18	32 38 +1.100e-18
30 40 +1.100e-18	35 39 +1.100e-18	26 38 +1.100e-18	32 38 +1.100e-18	34 38 +1.100e-18	31 39 +1.100e-18	27 40 +1.100e-18	31 38 +1.100e-18	35 40 +7.308e-03	31 38 +1.100e-18
28 40 +1.100e-18	36 40 +1.100e-18	24 39 +1.100e-18	31 38 +1.100e-18	32 38 +1.084e-03	33 39 +1.100e-18	26 40 +1.100e-18	30 38 +1.100e-18	34 40 +1.100e-18	30 38 +1.100e-18
27 40 +1.100e-18	35 40 +1.100e-18	25 39 +2.574e-04	29 38 +1.100e-18	31 38 +1.100e-18	34 39 +1.100e-18	25 40 +1.100e-18	29 38 +1.100e-18	32 40 +1.100e-18	28 38 +2.988e-04
26 40 +1.100e-18	33 40 +1.100e-18	26 39 +1.100e-18	28 38 +1.100e-18	30 38 +1.100e-18	37 39 +1.498e-04	26 41 +1.100e-18	28 38 +1.100e-18	31 40 +1.100e-18	27 38 +1.100e-18
25 40 +1.100e-18	31 40 +1.100e-18	28 39 +1.100e-18	27 38 +1.100e-18	29 38 +1.100e-18	37 40 +1.928e-04	27 41 +1.100e-18	27 38 +1.100e-18	30 40 +1.100e-18	25 39 +1.100e-18
26 41 +1.100e-18	30 40 +1.100e-18	29 39 +5.320e-04	26 38 +1.100e-18	28 38 +1.100e-18	36 40 +1.100e-18	30 41 +1.100e-18	26 38 +1.100e-18	29 40 +1.100e-18	28 39 +1.100e-18
27 41 +1.100e-18	28 40 +1.100e-18	30 39 +1.100e-18	25 38 +1.100e-18	27 38 +1.100e-18	34 40 +1.100e-18	31 41 +1.100e-18	25 38 +1.100e-18	28 40 +1.100e-18	29 39 +1.100e-18
30 41 +1.100e-18	27 40 +1.100e-18	31 39 +1.100e-18	26 39 +1.100e-18	26 38 +1.100e-18	33 40 +1.100e-18	33 41 +1.100e-18	24 39 +1.100e-18	27 40 +1.100e-18	30 39 +1.100e-18
32 41 +1.100e-18	27 41 +3.344e-04	32 39 +1.100e-18	27 39 +1.100e-18	25 38 +1.100e-18	31 40 +1.100e-18	34 41 +1.100e-18	25 39 +1.100e-18	26 40 +2.288e-04	31 39 +1.100e-18
33 41 +1.100e-18	30 41 +1.100e-18	34 39 +4.680e-04	29 39 +1.100e-18	24 38 +1.100e-18	30 40 +1.100e-18	35 41 +1.100e-18	26 39 +1.100e-18	26 41 +1.286e-03	32 39 +1.100e-18
36 41 +1.100e-18	31 41 +1.100e-18	35 39 +1.100e-18	30 39 +1.100e-18	24 39 +1.100e-18	29 40 +1.100e-18	34 42 +1.100e-18	27 39 +1.100e-18	28 41 +1.100e-18	33 39 +1.100e-18
33 42 +1.100e-18	33 41 +1.100e-18	36 39 +2.978e-04	33 39 +1.100e-18	25 39 +1.100e-18	27 40 +1.100e-18	33 42 +1.100e-18	28 39 +1.100e-18	29 41 +1.100e-18	34 39 +1.100e-18
32 42 +1.100e-18	35 41 +1.100e-18	37 39 +1.100e-18	34 39 +1.100e-18	26 39 +1.100e-18	26 40 +2.220e-04	32 42 +1.100e-18	29 39 +1.100e-18	30 41 +1.100e-18	35 39 +1.100e-18
26 42 +1.100e-18	36 41 +1.100e-18	37 40 +1.532e-04	35 39 +1.100e-18	27 39 +1.100e-18	27 41 +2.496e-04	31 42 +1.100e-18	30 39 +1.100e-18	31 41 +1.100e-18	36 39 +1.100e-18
31 30 +1.000e-18	35 42 +4.066e-04	36 40 +1.100e-18	35 40 +1.100e-18	28 39 +1.100e-18	28 41 +1.100e-18	30 42 +1.100e-18	31 39 +1.100e-18	32 41 +1.100e-18	37 40 +8.620e-04
32 30 +1.000e-18	34 42 +1.100e-18	35 40 +1.100e-18	34 40 +1.100e-18	29 39 +1.100e-18	29 41 +1.100e-18	28 42 +1.100e-18	33 39 +1.100e-18	35 41 +1.100e-18	36 40 +1.100e-18
28 31 +1.000e-18	33 42 +1.100e-18	34 40 +1.100e-18	33 40 +1.100e-18	30 39 +1.100e-18	30 41 +1.100e-18	30 43 +1.100e-18	34 39 +1.100e-18	36 41 +1.100e-18	35 40 +1.100e-18
29 31 +1.000e-18	31 42 +1.100e-18	33 40 +3.852e-04	32 40 +1.100e-18	31 39 +1.100e-18	31 41 +1.100e-18	32 43 +1.100e-18	37 39 +1.100e-18	35 42 +1.100e-18	33 40 +1.100e-18
32 31 +1.000e-18	29 42 +1.100e-18	32 40 +5.700e-04	31 40 +1.100e-18	32 39 +1.100e-18	32 41 +1.100e-18	34 43 +1.100e-18	36 40 +1.100e-18	34 42 +1.100e-18	32 40 +1.100e-18
33 31 +1.000e-18	28 42 +1.100e-18	31 40 +1.100e-18	30 40 +1.100e-18	33 39 +1.100e-18	35 41 +1.100e-18	31 30 +1.000e-18	35 40 +1.100e-18	33 42 +1.100e-18	31 40 +1.100e-18
34 31 +1.000e-18	30 43 +1.100e-18	29 40 +1.100e-18	29 40 +1.100e-18	34 39 +1.100e-18	36 41 +1.582e-04	32 30 +1.000e-18	34 40 +1.100e-18	31 42 +1.100e-18	27 40 +2.464e-04
35 31 +1.000e-18	31 43 +1.100e-18	28 40 +1.100e-18	28 40 +1.100e-18	35 39 +1.100e-18	35 42 +6.632e-03	28 31 +1.000e-18	33 40 +1.100e-18	28 42 +2.516e-04	26 40 +1.100e-18
26 32 +1.000e-18	33 43 +1.100e-18	26 40 +3.376e-04	27 40 +1.100e-18	36 39 +1.100e-18	34 42 +1.100e-18	29 31 +1.000e-18	32 40 +1.100e-18	27 42 +1.100e-18	26 41 +4.540e-04
27 32 +1.000e-18	34 43 +1.100e-18	25 40 +1.100e-18	26 40 +1.100e-18	37 40 +5.660e-04	33 42 +1.100e-18	30 31 +1.000e-18	31 40 +1.100e-18	29 43 +1.100e-18	28 41 +1.100e-18
28 32 +1.000e-18	31 30 +1.000e-18	25 41 +1.100e-18	25 40 +1.100e-18	36 40 +1.100e-18	32 42 +1.100e-18	34 31 +1.000e-18	30 40 +1.100e-18	30 43 +2.368e-04	31 41 +1.100e-18
30 32 +1.000e-18	32 30 +1.000e-18	26 41 +1.100e-18	25 41 +1.100e-18	35 40 +1.100e-18	31 42 +1.100e-18	35 31 +1.000e-18	29 40 +1.100e-18	33 43 +1.100e-18	32 41 +1.100e-18
36 32 +1.000e-18	28 31 +1.000e-18	27 41 +2.654e-04	26 41 +1.100e-18	33 40 +1.100e-18	29 42 +1.100e-18	26 32 +1.000e-18	27 40 +1.100e-18	31 30 +1.000e-18	34 41 +1.100e-18
27 33 +1.000e-18	29 31 +1.000e-18	28 41 +1.100e-18	28 41 +1.100e-18	32 40 +1.100e-18	28 42 +2.420e-04	33 32 +1.000e-18	26 40 +1.100e-18	32 30 +1.000e-18	35 41 +1.100e-18
28 33 +1.000e-18	30 31 +1.000e-18	29 41 +1.100e-18	30 41 +1.100e-18	31 40 +1.100e-18	27 42 +6.300e-04	34 32 +1.000e-18	26 41 +3.318e-04	28 31 +1.000e-18	36 41 +1.100e-18
29 33 +1.000e-18	31 31 +1.000e-18	30 41 +1.100e-18	31 41 +1.100e-18	30 40 +1.100e-18	29 43 +3.944e-04	36 32 +1.000e-18	27 41 +1.100e-18	29 31 +1.000e-18	34 42 +1.100e-18
30 33 +1.000e-18	32 31 +1.000e-18	31 41 +1.100e-18	32 41 +1.100e-18	28 40 +1.100e-18	31 30 +1.000e-18	25 33 +1.000e-18	28 41 +1.100e-18	33 31 +1.000e-18	33 42 +1.100e-18
31 33 +1.000e-18	34 31 +1.000e-18	32 41 +1.100e-18	33 41 +1.100e-18	27 40 +1.100e-18	32 30 +1.000e-18	26 33 +1.000e-18	29 41 +1.100e-18	34 31 +1.000e-18	32 42 +1.100e-18
32 33 +1.000e-18	35 31 +1.000e-18	33 41 +1.100e-18	30 42 +1.100e-18	26 40 +1.100e-18	28 31 +1.000e-18	27 33 +1.000e-18	30 41 +1.100e-18	35 31 +1.000e-18	31 42 +1.100e-18
35 33 +1.000e-18	26 32 +1.000e-18	35 41 +1.100e-18	29 42 +1.100e-18	27 41 +1.100e-18	32 31 +1.000e-18	28 33 +1.000e-18	32 41 +1.100e-18	26 32 +1.000e-18	29 42 +1.100e-18
37 33 +1.000e-18	34 32 +1.000e-18	36 41 +1.100e-18	28 42 +1.100e-18	28 41 +3.246e-03	34 31 +1.000e-18	29 33 +1.000e-18	33 41 +1.100e-18	27 32 +1.000e-18	28 42 +1.100e-18
25 34 +1.000e-18	36 32 +1.000e-18	35 42 +1.100e-18	27 42 +1.100e-18	31 41 +1.100e-18	35 31 +1.000e-18	32 33 +1.000e-18	34 41 +1.100e-18	28 32 +1.000e-18	27 42 +1.100e-18
27 34 +1.000e-18	25 33 +1.000e-18	34 42 +1.100e-18	26 42 +1.100e-18	32 41 +1.100e-18	26 32 +1.000e-18	34 33 +1.000e-18	35 41 +1.100e-18	34 32 +1.000e-18	31 30 +1.000e-18
28 34 +1.000e-18	29 33 +1.000e-18	33 42 +1.100e-18	29 43 +1.100e-18	33 41 +1.100e-18	27 32 +1.000e-18	36 33 +1.000e-18	35 42 +1.100e-18	35 32 +1.000e-18	32 30 +1.000e-18
34 34 +1.000e-18	30 33 +1.000e-18	32 42 +1.100e-18	33 43 +1.100e-18	35 41 +1.100e-18	28 32 +1.000e-18	37 33 +1.000e-18	34 42 +1.100e-18	36 32 +1.000e-18	28 31 +1.000e-18
35 34 +1.000e-18	35 33 +1.000e-18	31 42 +1.100e-18	31 30 +1.000e-18	36 41 +1.100e-18	29 32 +1.000e-18	25 34 +1.000e-18	33 42 +1.100e-18	25 33 +1.000e-18	29 31 +1.000e-18
37 34 +1.000e-18	36 33 +1.000e-18	30 42 +1.100e-18	32 30 +1.000e-18	35 42 +1.100e-18	30 32 +1.000e-18	26 34 +1.000e-18	32 42 +1.100e-18	31 33 +1.000e-18	31 31 +1.000e-18
38 34 +1.000e-18	37 33 +1.000e-18	29 42 +1.100e-18	28 31 +1.000e-18	34 42 +1.100e-18	33 32 +1.000e-18	27 34 +1.000e-18	31 42 +1.100e-18	35 33 +1.000e-18	32 31 +1.000e-18
24 35 +1.000e-18	30 34 +1.000e-18	28 42 +2.962e-04	33 31 +1.000e-18	33 42 +1.100e-18	36 32 +1.000e-18	33 34 +1.000e-18	28 42 +1.100e-18	37 33 +1.000e-18	34 31 +1.000e-18
25 35 +1.000e-18	32 34 +1.000e-18	28 43 +7.840e-04	34 31 +1.000e-18	32 42 +1.100e-18	25 33 +1.000e-18	38 34 +1.000e-18	26 42 +1.100e-18	26 34 +1.000e-18	35 31 +1.000e-18
26 35 +1.000e-18	37 34 +1.000e-18	29 43 +5.180e-04	35 31 +1.000e-18	31 42 +1.100e-18	26 33 +1.000e-18	24 35 +1.000e-18	30 43 +1.100e-18	31 34 +1.000e-18	26 32 +1.000e-18
27 35 +1.000e-18	38 34 +1.000e-18	30 43 +3.118e-04	26 32 +1.000e-18	29 42 +1.100e-18	27 33 +1.000e-18	33 35 +1.000e-18	34 43 +1.100e-18	36 34 +1.000e-18	36 32 +1.000e-18
28 35 +1.000e-18	24 35 +1.000e-18	31 43 +1.836e-04	27 32 +1.000e-18	28 42 +1.100e-18	28 33 +1.000e-18	34 35 +1.000e-18	31 30 +1.000e-18	38 34 +1.000e-18	25 33 +1.000e-18
38 35 +1.000e-18	25 35 +1.000e-18	32 43 +1.100e-18	32 32 +1.000e-18	27 42 +2.982e-04	37 33 +1.000e-18	36 35 +1.000e-18	32 30 +1.000e-18	24 35 +1.000e-18	32 33 +1.000e-18
24 36 +1.000e-18	26 35 +1.000e-18	33 43 +1.648e-04	34 32 +1.000e-18	26 42 +1.100e-18	25 34 +1.000e-18	38 35 +1.000e-18	29 31 +1.000e-18	31 35 +1.000e-18	37 33 +1.000e-18
28 36 +1.000e-18	28 35 +1.000e-18	31 30 +1.000e-18	36 32 +1.000e-18	29 43 +1.100e-18	26 34 +1.000e-18	24 36 +1.000e-18	30 31 +1.000e-18	33 35 +1.000e-18	28 34 +1.000e-18
31 36 +1.000e-18	34 35 +1.000e-18	32 30 +1.000e-18	28 33 +1.000e-18	30 43 +1.100e-18	27 34 +1.000e-18	29 36 +1.000e-18	32 31 +1.000e-18	36 35 +1.000e-18	35 34 +1.000e-18
32 36 +1.000e-18	37 35 +1.000e-18	28 31 +1.000e-18	37 33 +1.000e-18	32 43 +1.100e-18	38 34 +1.000e-18	31 36 +1.000e-18	35 31 +1.000e-18	38 35 +1.000e-18	37 34 +1.000e-18
35 36 +1.000e-18	38 35 +1.000e-18	29 31 +1.000e-18	25 34 +1.000e-18	34 43 +1.100e-18	24 35 +1.000e-18	32 36 +1.000e-18	27 32 +1.000e-18	24 36 +1.000e-18	38 34 +1.000e-18
38 36 +1.000e-18	28 36 +1.000e-18	31 31 +1.000e-18	26 34 +1.000e-18	31 30 +1.000e-18	25 35 +1.000e-18	36 36 +1.000e-18	36 32 +1.000e-18	29 36 +1.000e-18	24 35 +1.000e-18
27 37 +1.000e-18	31 36 +1.000e-18	33 31 +1.000e-18	38 34 +1.000e-18	32 30 +1.000e-18	34 35 +1.000e-18	38 36 +1.000e-18	25 33 +1.000e-18	30 36 +1.000e-18	29 35 +1.000e-18
28 37 +1.000e-18	32 36 +1.000e-18	34 31 +1.000e-18	24 35 +1.000e-18	28 31 +1.000e-18	36 35 +1.000e-18	24 37 +1.000e-18	27 33 +1.000e-18	35 36 +1.000e-18	31 35 +1.000e-18
31 37 +1.000e-18	33 36 +1.000e-18	35 31 +1.000e-18	25 35 +1.000e-18	29 31 +1.000e-18	38 35 +1.000e-18	27 37 +1.000e-18	31 33 +1.000e-18	36 36 +1.000e-18	32 35 +1.000e-18
36 37 +1.000e-18	37 36 +1.000e-18	26 32 +1.000e-18	26 35 +1.000e-18	32 31 +1.000e-18	24 36 +1.000e-18	28 37 +1.000e-18	37 33 +1.000e-18	37 36 +1.000e-18	36 35 +1.000e-18
38 37 +1.000e-18	38 36 +1.000e-18	27 32 +1.000e-18	29 35 +1.000e-18	33 31 +1.000e-18	25 36 +1.000e-18	31 37 +1.000e-18	28 34 +1.000e-18	38 36 +1.000e-18	37 35 +1.000e-18
39 37 +1.000e-18	35 37 +1.000e-18	34 32 +1.000e-18	36 35 +1.000e-18	35 31 +1.000e-18	34 36 +1.000e-18	32 37 +1.000e-18	29 34 +1.000e-18	24 37 +1.000e-18	38 35 +1.000e-18
31 38 +1.000e-18	36 37 +1.000e-18	36 32 +1.000e-18	38 35 +1.000e-18	26 32 +1.000e-18	38 36 +1.000e-18	33 37 +1.000e-18	38 34 +1.000e-18	25 37 +1.000e-18	24 36 +1.000e-18
33 38 +1.000e-18	38 37 +1.000e-18	26 33 +1.000e-18	24 36 +1.000e-18	30 32 +1.000e-18	24 37 +1.000e-18	34 37 +1.000e-18	24 35 +1.000e-18	28 37 +1.000e-18	31 36 +1.000e-18
35 38 +1.000e-18	39 37 +1.000e-18	29 33 +1.000e-18	26 36 +1.000e-18	36 32 +1.000e-18	25 37 +1.000e-18	37 37 +1.000e-18	26 35 +1.000e-18	29 37 +1.000e-18	38 36 +1.000e-18
37 38 +1.000e-18	24 38 +1.000e-18	37 33 +1.000e-18	31 36 +1.000e-18	27 33 +1.000e-18	27 37 +1.000e-18	38 37 +1.000e-18	27 35 +1.000e-18	30 37 +1.000e-18	24 37 +1.000e-18
25 39 +1.000e-18	31 38 +1.000e-18	25 34 +1.000e-18	24 37 +1.000e-18	28 33 +1.000e-18	30 37 +1.000e-18	39 37 +1.000e-18	38 35 +1.000e-18	32 37 +1.000e-18	25 37 +1.000e-18
28 39 +1.000e-18	32 38 +1.000e-18	27 34 +1.000e-18	25 37 +1.000e-18	30 33 +1.000e-18	33 37 +1.000e-18	24 38 +1.000e-18	35 36 +1.000e-18	33 37 +1.000e-18	39 37 +1.000e-18
31 39 +1.000e-18	34 38 +1.000e-18	29 34 +1.000e-18	30 37 +1.000e-18	33 33 +1.000e-18	34 37 +1.000e-18	25 38 +1.000e-18	38 36 +1.000e-18	38 37 +1.000e-18	24 38 +1.000e-18
32 39 +1.000e-18	35 38 +1.000e-18	32 34 +1.000e-18	35 37 +1.000e-18	37 33 +1.000e-18	39 37 +1.000e-18	27 38 +1.000e-18	24 37 +1.000e-18	39 37 +1.000e-18	25 38 +1.000e-18
33 39 +1.000e-18	36 38 +1.000e-18	34 34 +1.000e-18	39 37 +1.000e-18	30 34 +1.000e-18	24 38 +1.000e-18	30 38 +1.000e-18	33 37 +1.000e-18	24 38 +1.000e-18	26 38 +1.000e-18
35 39 +1.000e-18	37 38 +1.000e-18	38 34 +1.000e-18	24 38 +1.000e-18	38 34 +1.000e-18	27 38 +1.000e-18	31 38 +1.000e-18	35 37 +1.000e-18	25 38 +1.000e-18	29 38 +1.000e-18
38 39 +1.000e-18	38 38 +1.000e-18	24 35 +1.000e-18	30 38 +1.000e-18	36 35 +1.000e-18	30 38 +1.000e-18	34 38 +1.000e-18	36 37 +1.000e-18	26 38 +1.000e-18	34 38 +1.000e-18
29 40 +1.000e-18	25 39 +1.000e-18	25 35 +1.000e-18	24 39 +1.000e-18	38 35 +1.000e-18	31 38 +1.000e-18	38 38 +1.000e-18	38 37 +1.000e-18	27 38 +1.000e-18	24 39 +1.000e-18
34 40 +1.000e-18	28 39 +1.000e-18	26 35 +1.000e-18	25 39 +1.000e-18	24 36 +1.000e-18	34 38 +1.000e-18	24 39 +1.000e-18	39 37 +1.000e-18	28 38 +1.000e-18	26 39 +1.000e-18
35 40 +1.000e-18	31 39 +1.000e-18	27 35 +1.000e-18	28 39 +1.000e-18	26 36 +1.000e-18	38 38 +1.000e-18	25 39 +1.000e-18	24 38 +1.000e-18	29 38 +1.000e-18	27 39 +1.000e-18
36 40 +1.000e-18	36 39 +1.000e-18	28 35 +1.000e-18	31 39 +1.000e-18	24 37 +1.000e-18	24 39 +1.000e-18	27 39 +1.000e-18	35 38 +1.000e-18	35 38 +1.000e-18	37 39 +1.000e-18
37 40 +1.000e-18	37 39 +1.000e-18	38 35 +1.000e-18	32 39 +1.000e-18	28 37 +1.000e-18	25 39 +1.000e-18	28 39 +1.000e-18	36 38 +1.000e-18	36 38 +1.000e-18	38 39 +1.000e-18
38 40 +1.000e-18	38 39 +1.000e-18	24 36 +1.000e-18	36 39 +1.000e-18	30 37 +1.000e-18	32 39 +1.000e-18	32 39 +1.000e-18	37 38 +1.000e-18	37 38 +1.000e-18	25 40 +1.000e-18
25 41 +1.000e-18	25 40 +1.000e-18	25 36 +1.000e-18	37 39 +1.000e-18	38 37 +1.000e-18	35 39 +1.000e-18	38 39 +1.000e-18	38 38 +1.000e-18	38 38 +1.000e-18	28 40 +1.000e-18
28 41 +1.000e-18	26 40 +1.000e-18	26 36 +1.000e-18	38 39 +1.000e-18	39 37 +1.000e-18	36 39 +1.000e-18	28 40 +1.000e-18	32 39 +1.000e-18	24 39 +1.000e-18	29 40 +1.000e-18
29 41 +1.000e-18	29 40 +1.000e-18	38 36 +1.000e-18	36 40 +1.000e-18	33 38 +1.000e-18	38 39 +1.000e-18	31 40 +1.000e-18	35 39 +1.000e-18	26 39 +1.000e-18	30 40 +1.000e-18
31 41 +1.000e-18	32 40 +1.000e-18	24 37 +1.000e-18	37 40 +1.000e-18	36 38 +1.000e-18	25 40 +1.000e-18	34 40 +1.000e-18	36 39 +1.000e-18	29 39 +1.000e-18	34 40 +1.000e-18
34 41 +1.000e-18	34 40 +1.000e-18	28 37 +1.000e-18	38 40 +1.000e-18	38 38 +1.000e-18	28 40 +1.000e-18	35 40 +1.000e-18	38 39 +1.000e-18	38 39 +1.000e-18	38 40 +1.000e-18
35 41 +1.000e-18	37 40 +1.000e-18	38 37 +1.000e-18	27 41 +1.000e-18	37 39 +1.000e-18	32 40 +1.000e-18	37 40 +1.000e-18	25 40 +1.000e-18	25 40 +1.000e-18	25 41 +1.000e-18
37 41 +1.000e-18	38 40 +1.000e-18	39 37 +1.000e-18	29 41 +1.000e-18	38 39 +1.000e-18	35 40 +1.000e-18	38 40 +1.000e-18	28 40 +1.000e-18	33 40 +1.000e-18	27 41 +1.000e-18
27 42 +1.000e-18	25 41 +1.000e-18	24 38 +1.000e-18	34 41 +1.000e-18	25 40 +1.000e-18	38 40 +1.000e-18	25 41 +1.000e-18	37 40 +1.000e-18	38 40 +1.000e-18	29 41 +1.000e-18
28 42 +1.000e-18	26 41 +1.000e-18	25 38 +1.000e-18	35 41 +1.000e-18	29 40 +1.000e-18	25 41 +1.000e-18	28 41 +1.000e-18	38 40 +1.000e-18	25 41 +1.000e-18	30 41 +1.000e-18
29 42 +1.000e-18	28 41 +1.000e-18	38 38 +1.000e-18	36 41 +1.000e-18	34 40 +1.000e-18	26 41 +1.000e-18	29 41 +1.000e-18	25 41 +1.000e-18	27 41 +1.000e-18	33 41 +1.000e-18
30 42 +1.000e-18	29 41 +1.000e-18	27 39 +1.000e-18	37 41 +1.000e-18	38 40 +1.000e-18	33 41 +1.000e-18	32 41 +1.000e-18	31 41 +1.000e-18	33 41 +1.000e-18	37 41 +1.000e-18
31 42 +1.000e-18	32 41 +1.000e-18	33 39 +1.000e-18	31 42 +1.000e-18	25 41 +1.000e-18	34 41 +1.000e-18	36 41 +1.000e-18	36 41 +1.000e-18	34 41 +1.000e-18	26 42 +1.000e-18
34 42 +1.000e-18	34 41 +1.000e-18	38 39 +1.000e-18	32 42 +1.000e-18	26 41 +1.000e-18	37 41 +1.000e-18	37 41 +1.000e-18	37 41 +1.000e-18	37 41 +1.000e-18	30 42 +1.000e-18
35 42 +1.000e-18	37 41 +1.000e-18	27 40 +1.000e-18	33 42 +1.000e-18	29 41 +1.000e-18	26 42 +1.000e-18	26 42 +1.000e-18	27 42 +1.000e-18	26 42 +1.000e-18	35 42 +1.000e-18
36 42 +1.000e-18	26 42 +1.000e-18	30 40 +1.000e-18	34 42 +1.000e-18	30 41 +1.000e-18	30 42 +1.000e-18	27 42 +1.000e-18	29 42 +1.000e-18	29 42 +1.000e-18	36 42 +1.000e-18
28 43 +1.000e-18	27 42 +1.000e-18	38 40 +1.000e-18	35 42 +1.000e-18	34 41 +1.000e-18	36 42 +1.000e-18	29 42 +1.000e-18	30 42 +1.000e-18	30 42 +1.000e-18	28 43 +1.000e-18
29 43 +1.000e-18	30 42 +1.000e-18	34 41 +1.000e-18	36 42 +1.000e-18	37 41 +1.000e-18	28 43 +1.000e-18	35 42 +1.000e-18	36 42 +1.000e-18	32 42 +1.000e-18	29 43 +1.000e-18
30 43 +1.000e-18	32 42 +1.000e-18	37 41 +1.000e-18	28 43 +1.000e-18	30 42 +1.000e-18	30 43 +1.000e-18	36 42 +1.000e-18	28 43 +1.000e-18	36 42 +1.000e-18	30 43 +1.000e-18
31 43 +1.000e-18	36 42 +1.000e-18	26 42 +1.000e-18	30 43 +1.000e-18	36 42 +1.000e-18	31 43 +1.000e-18	28 43 +1.000e-18	29 43 +1.000e-18	28 43 +1.000e-18	31 43 +1.000e-18
32 43 +1.000e-18	28 43 +1.000e-18	27 42 +1.000e-18	31 43 +1.000e-18	28 43 +1.000e-18	32 43 +1.000e-18	29 43 +1.000e-18	31 43 +1.000e-18	31 43 +1.000e-18	32 43 +1.000e-18
33 43 +1.000e-18	29 43 +1.000e-18	36 42 +1.000e-18	32 43 +1.000e-18	31 43 +1.000e-18	33 43 +1.000e-18	31 43 +1.000e-18	32 43 +1.000e-18	32 43 +1.000e-18	33 43 +1.000e-18
34 43 +1.000e-18	32 43 +1.000e-18	34 43 +1.000e-18	34 43 +1.000e-18	33 43 +1.000e-18	34 43 +1.000e-18	33 43 +1.000e-18	33 43 +1.000e-18	34 43 +1.000e-18	34 43 +1.000e-18
35 43 +1.000e-18	35 43 +1.000e-18	35 43 +1.000e-18	35 43 +1.000e-18	35 43 +1.000e-18	35 43 +1.000e-18	35 43 +1.000e-18	35 43 +1.000e-18	35 43 +1.000e-18	35 43 +1.000e-18
30 44 +1.000e-18	30 44 +1.000e-18	30 44 +1.000e-18	30 44 +1.000e-18	30 44 +1.000e-18	30 44 +1.000e-18	30 44 +1.000e-18	30 44 +1.000e-18	30 44 +1.000e-18	30 44 +1.000e-18
31 44 +1.000e-18	31 44 +1.000e-18	31 44 +1.000e-18	31 44 +1.000e-18	31 44 +1.000e-18	31 44 +1.000e-18	31 44 +1.000e-18	31 44 +1.000e-18	31 44 +1.000e-18	31 44 +1.000e-18
32 44 +1.000e-18	32 44 +1.000e-18	32 44 +1.000e-18	32 44 +1.000e-18	32 44 +1.000e-18	32 44 +1.000e-18	32 44 +1.000e-18	32 44 +1.000e-18	32 44 +1.000e-18	32 44 +1.000e-18
